\BOOKMARK [1][-]{section.1}{Introduction}{}% 1
\BOOKMARK [2][-]{subsection.1.1}{Field and Context}{section.1}% 2
\BOOKMARK [2][-]{subsection.1.2}{Research Problem}{section.1}% 3
\BOOKMARK [2][-]{subsection.1.3}{Previous Research}{section.1}% 4
\BOOKMARK [2][-]{subsection.1.4}{Focus of this Thesis}{section.1}% 5
\BOOKMARK [1][-]{section.2}{Background}{}% 6
\BOOKMARK [2][-]{subsection.2.1}{Medical Knowledge}{section.2}% 7
\BOOKMARK [3][-]{subsubsection.2.1.1}{Magnetic Resonance Imaging}{subsection.2.1}% 8
\BOOKMARK [3][-]{subsubsection.2.1.2}{Growth Plates}{subsection.2.1}% 9
\BOOKMARK [2][-]{subsection.2.2}{Computer Science}{section.2}% 10
\BOOKMARK [3][-]{subsubsection.2.2.1}{Artificial Intelligence}{subsection.2.2}% 11
\BOOKMARK [3][-]{subsubsection.2.2.2}{Machine Learning}{subsection.2.2}% 12
\BOOKMARK [3][-]{subsubsection.2.2.3}{Artificial Neural Networks}{subsection.2.2}% 13
\BOOKMARK [3][-]{subsubsection.2.2.4}{Convolutional Neural Networks}{subsection.2.2}% 14
\BOOKMARK [3][-]{subsubsection.2.2.5}{Semantic Segmentation}{subsection.2.2}% 15
\BOOKMARK [1][-]{section.3}{Methods}{}% 16
\BOOKMARK [2][-]{subsection.3.1}{Setup}{section.3}% 17
\BOOKMARK [2][-]{subsection.3.2}{Data Set}{section.3}% 18
\BOOKMARK [2][-]{subsection.3.3}{Preprocessing}{section.3}% 19
\BOOKMARK [3][-]{subsubsection.3.3.1}{Training, Validation, and Testing Sets}{subsection.3.3}% 20
\BOOKMARK [3][-]{subsubsection.3.3.2}{Cropping, Resizing, and Resampling}{subsection.3.3}% 21
\BOOKMARK [3][-]{subsubsection.3.3.3}{Normalization}{subsection.3.3}% 22
\BOOKMARK [3][-]{subsubsection.3.3.4}{N4 Bias Field Correction}{subsection.3.3}% 23
\BOOKMARK [3][-]{subsubsection.3.3.5}{Augmentation}{subsection.3.3}% 24
\BOOKMARK [3][-]{subsubsection.3.3.6}{2D and 3D data}{subsection.3.3}% 25
\BOOKMARK [3][-]{subsubsection.3.3.7}{Separate Bone Maps}{subsection.3.3}% 26
\BOOKMARK [2][-]{subsection.3.4}{Architecture}{section.3}% 27
\BOOKMARK [3][-]{subsubsection.3.4.1}{Channels, Growth Rate, and Depth}{subsection.3.4}% 28
\BOOKMARK [3][-]{subsubsection.3.4.2}{Skip Connections}{subsection.3.4}% 29
\BOOKMARK [3][-]{subsubsection.3.4.3}{Dropout}{subsection.3.4}% 30
\BOOKMARK [3][-]{subsubsection.3.4.4}{Activation Functions}{subsection.3.4}% 31
\BOOKMARK [2][-]{subsection.3.5}{Training}{section.3}% 32
\BOOKMARK [3][-]{subsubsection.3.5.1}{Metrics and Loss Functions}{subsection.3.5}% 33
\BOOKMARK [3][-]{subsubsection.3.5.2}{Optimizer}{subsection.3.5}% 34
\BOOKMARK [3][-]{subsubsection.3.5.3}{Batch Size}{subsection.3.5}% 35
\BOOKMARK [3][-]{subsubsection.3.5.4}{Learning Rate Policy}{subsection.3.5}% 36
\BOOKMARK [3][-]{subsubsection.3.5.5}{Early Stopping}{subsection.3.5}% 37
\BOOKMARK [2][-]{subsection.3.6}{Postprocessing}{section.3}% 38
\BOOKMARK [2][-]{subsection.3.7}{Summary}{section.3}% 39
\BOOKMARK [1][-]{section.4}{Results}{}% 40
\BOOKMARK [2][-]{subsection.4.1}{Numeric Evaluation}{section.4}% 41
\BOOKMARK [2][-]{subsection.4.2}{Visual Evaluation}{section.4}% 42
\BOOKMARK [2][-]{subsection.4.3}{Model Exploration}{section.4}% 43
\BOOKMARK [2][-]{subsection.4.4}{Noise Exploitation}{section.4}% 44
\BOOKMARK [2][-]{subsection.4.5}{Transfer Application}{section.4}% 45
\BOOKMARK [2][-]{subsection.4.6}{Proof of Concept: Age Assessment}{section.4}% 46
\BOOKMARK [1][-]{section.5}{Discussion}{}% 47
\BOOKMARK [1][-]{section.6}{Conclusion}{}% 48
