This is pdfTeX, Version 3.14159265-2.6-1.40.17 (TeX Live 2016) (preloaded format=pdflatex 2016.10.12)  11 JUL 2017 14:56
entering extended mode
 restricted \write18 enabled.
 %&-line parsing enabled.
**4_methods.tex
(./4_methods.tex
LaTeX2e <2016/03/31>
Babel <3.9r> and hyphenation patterns for 22 language(s) loaded.
! Undefined control sequence.
l.1 \section
            {Methods}
? 
! Emergency stop.
l.1 \section
            {Methods}
End of file on the terminal!

 
Here is how much of TeX's memory you used:
 5 strings out of 494447
 135 string characters out of 6166765
 47243 words of memory out of 5000000
 3441 multiletter control sequences out of 15000+600000
 3640 words of font info for 14 fonts, out of 8000000 for 9000
 319 hyphenation exceptions out of 8191
 5i,0n,1p,33b,8s stack positions out of 5000i,500n,10000p,200000b,80000s
!  ==> Fatal error occurred, no output PDF file produced!
